<?xml version="1.0" encoding="UTF-8"?>
<testng-results skipped="0" failed="0" total="1" passed="1">
  <reporter-output>
  </reporter-output>
  <suite name="Default suite" duration-ms="26423" started-at="2015-08-27T09:27:20Z" finished-at="2015-08-27T09:27:46Z">
    <groups>
    </groups>
    <test name="Default test" duration-ms="26423" started-at="2015-08-27T09:27:20Z" finished-at="2015-08-27T09:27:46Z">
      <class name="trycache.Cache">
        <test-method status="PASS" signature="setUp()[pri:0, instance:trycache.Cache@66d33a]" name="setUp" is-config="true" duration-ms="3558" started-at="2015-08-27T14:57:20Z" finished-at="2015-08-27T14:57:23Z">
          <reporter-output>
          </reporter-output>
        </test-method> <!-- setUp -->
        <test-method status="PASS" signature="testMethod()[pri:0, instance:trycache.Cache@66d33a]" name="testMethod" duration-ms="22730" started-at="2015-08-27T14:57:23Z" finished-at="2015-08-27T14:57:46Z">
          <reporter-output>
          </reporter-output>
        </test-method> <!-- testMethod -->
        <test-method status="PASS" signature="tearDown()[pri:0, instance:trycache.Cache@66d33a]" name="tearDown" is-config="true" duration-ms="116" started-at="2015-08-27T14:57:46Z" finished-at="2015-08-27T14:57:46Z">
          <reporter-output>
          </reporter-output>
        </test-method> <!-- tearDown -->
      </class> <!-- trycache.Cache -->
    </test> <!-- Default test -->
  </suite> <!-- Default suite -->
</testng-results>
